<?xml version="1.0" encoding="UTF-8"?>
<!-- Generated by org.testng.reporters.JUnitReportReporter -->
<testsuite hostname="LALITHAHARI" failures="0" tests="1" name="Datasheet.Project_data" time="1.492" errors="0" timestamp="2023-10-20T12:35:51 IST" skipped="0">
  <testcase classname="Datasheet.Project_data" name="data" time="1.492"/>
</testsuite> <!-- Datasheet.Project_data -->
